# JRE version: OpenJDK Runtime Environment (15.0.2+7) (build 15.0.2+7-27)
# Java VM: OpenJDK 64-Bit Server VM (15.0.2+7-27, mixed mode, tiered, compressed oops, g1 gc, windows-amd64)
GC Precious Log:
 CPUs: 8 total, 8 available
 Memory: 8072M
 Large Page Support: Disabled
 NUMA Support: Disabled
 Compressed Oops: Enabled (32-bit)
 Heap Region Size: 1M
 Heap Min Capacity: 8M
 Heap Initial Capacity: 128M
 Heap Max Capacity: 2020M
 Pre-touch: Disabled
 Parallel Workers: 8
 Concurrent Workers: 2
 Concurrent Refinement Workers: 8
 Periodic GC: Disabled
Heap:
 garbage-first heap   total 81920K, used 43988K [0x0000000081c00000, 0x0000000100000000)
  region size 1024K, 8 young (8192K), 5 survivors (5120K)
 Metaspace       used 34875K, capacity 35334K, committed 35584K, reserved 1081344K
  class space    used 3539K, capacity 3748K, committed 3840K, reserved 1048576K
GC Heap History (20 events):
Event: 4.967 GC heap before
{Heap before GC invocations=4 (full 0):
 garbage-first heap   total 34816K, used 23275K [0x0000000081c00000, 0x0000000100000000)
  region size 1024K, 20 young (20480K), 5 survivors (5120K)
 Metaspace       used 21510K, capacity 21777K, committed 22016K, reserved 1069056K
  class space    used 2184K, capacity 2275K, committed 2304K, reserved 1048576K
}
Event: 4.980 GC heap after
{Heap after GC invocations=5 (full 0):
 garbage-first heap   total 34816K, used 10156K [0x0000000081c00000, 0x0000000100000000)
  region size 1024K, 3 young (3072K), 3 survivors (3072K)
 Metaspace       used 21510K, capacity 21777K, committed 22016K, reserved 1069056K
  class space    used 2184K, capacity 2275K, committed 2304K, reserved 1048576K
}
Event: 5.137 GC heap before
{Heap before GC invocations=5 (full 0):
 garbage-first heap   total 34816K, used 23468K [0x0000000081c00000, 0x0000000100000000)
  region size 1024K, 16 young (16384K), 3 survivors (3072K)
 Metaspace       used 21661K, capacity 21979K, committed 22016K, reserved 1069056K
  class space    used 2187K, capacity 2278K, committed 2304K, reserved 1048576K
}
Event: 5.142 GC heap after
{Heap after GC invocations=6 (full 0):
 garbage-first heap   total 34816K, used 10532K [0x0000000081c00000, 0x0000000100000000)
  region size 1024K, 1 young (1024K), 1 survivors (1024K)
 Metaspace       used 21661K, capacity 21979K, committed 22016K, reserved 1069056K
  class space    used 2187K, capacity 2278K, committed 2304K, reserved 1048576K
}
Event: 5.246 GC heap before
{Heap before GC invocations=6 (full 0):
 garbage-first heap   total 34816K, used 23844K [0x0000000081c00000, 0x0000000100000000)
  region size 1024K, 14 young (14336K), 1 survivors (1024K)
 Metaspace       used 21808K, capacity 22114K, committed 22272K, reserved 1069056K
  class space    used 2189K, capacity 2280K, committed 2304K, reserved 1048576K
}
Event: 5.249 GC heap after
{Heap after GC invocations=7 (full 0):
 garbage-first heap   total 34816K, used 11235K [0x0000000081c00000, 0x0000000100000000)
  region size 1024K, 2 young (2048K), 2 survivors (2048K)
 Metaspace       used 21808K, capacity 22114K, committed 22272K, reserved 1069056K
  class space    used 2189K, capacity 2280K, committed 2304K, reserved 1048576K
}
Event: 6.208 GC heap before
{Heap before GC invocations=7 (full 0):
 garbage-first heap   total 34816K, used 24547K [0x0000000081c00000, 0x0000000100000000)
  region size 1024K, 15 young (15360K), 2 survivors (2048K)
 Metaspace       used 22126K, capacity 22402K, committed 22656K, reserved 1069056K
  class space    used 2203K, capacity 2312K, committed 2432K, reserved 1048576K
}
Event: 6.212 GC heap after
{Heap after GC invocations=8 (full 0):
 garbage-first heap   total 34816K, used 11809K [0x0000000081c00000, 0x0000000100000000)
  region size 1024K, 2 young (2048K), 2 survivors (2048K)
 Metaspace       used 22126K, capacity 22402K, committed 22656K, reserved 1069056K
  class space    used 2203K, capacity 2312K, committed 2432K, reserved 1048576K
}
Event: 7.301 GC heap before
{Heap before GC invocations=8 (full 0):
 garbage-first heap   total 34816K, used 25121K [0x0000000081c00000, 0x0000000100000000)
  region size 1024K, 15 young (15360K), 2 survivors (2048K)
 Metaspace       used 22370K, capacity 22691K, committed 22912K, reserved 1069056K
  class space    used 2216K, capacity 2320K, committed 2432K, reserved 1048576K
}
Event: 7.305 GC heap after
{Heap after GC invocations=9 (full 0):
 garbage-first heap   total 34816K, used 12595K [0x0000000081c00000, 0x0000000100000000)
  region size 1024K, 2 young (2048K), 2 survivors (2048K)
 Metaspace       used 22370K, capacity 22691K, committed 22912K, reserved 1069056K
  class space    used 2216K, capacity 2320K, committed 2432K, reserved 1048576K
}
Event: 8.047 GC heap before
{Heap before GC invocations=9 (full 0):
 garbage-first heap   total 34816K, used 18739K [0x0000000081c00000, 0x0000000100000000)
  region size 1024K, 9 young (9216K), 2 survivors (2048K)
 Metaspace       used 23214K, capacity 23527K, committed 23808K, reserved 1071104K
  class space    used 2300K, capacity 2452K, committed 2560K, reserved 1048576K
}
Event: 8.050 GC heap after
{Heap after GC invocations=10 (full 0):
 garbage-first heap   total 34816K, used 13226K [0x0000000081c00000, 0x0000000100000000)
  region size 1024K, 2 young (2048K), 2 survivors (2048K)
 Metaspace       used 23214K, capacity 23527K, committed 23808K, reserved 1071104K
  class space    used 2300K, capacity 2452K, committed 2560K, reserved 1048576K
}
Event: 9.016 GC heap before
{Heap before GC invocations=11 (full 0):
 garbage-first heap   total 81920K, used 70570K [0x0000000081c00000, 0x0000000100000000)
  region size 1024K, 10 young (10240K), 2 survivors (2048K)
 Metaspace       used 23390K, capacity 23719K, committed 24064K, reserved 1071104K
  class space    used 2309K, capacity 2452K, committed 2560K, reserved 1048576K
}
Event: 9.020 GC heap after
{Heap after GC invocations=12 (full 0):
 garbage-first heap   total 81920K, used 13708K [0x0000000081c00000, 0x0000000100000000)
  region size 1024K, 2 young (2048K), 2 survivors (2048K)
 Metaspace       used 23390K, capacity 23719K, committed 24064K, reserved 1071104K
  class space    used 2309K, capacity 2452K, committed 2560K, reserved 1048576K
}
Event: 28.899 GC heap before
{Heap before GC invocations=12 (full 0):
 garbage-first heap   total 81920K, used 59788K [0x0000000081c00000, 0x0000000100000000)
  region size 1024K, 48 young (49152K), 2 survivors (2048K)
 Metaspace       used 28798K, capacity 29125K, committed 29312K, reserved 1075200K
  class space    used 2945K, capacity 3087K, committed 3200K, reserved 1048576K
}
Event: 28.906 GC heap after
{Heap after GC invocations=13 (full 0):
 garbage-first heap   total 81920K, used 15714K [0x0000000081c00000, 0x0000000100000000)
  region size 1024K, 4 young (4096K), 4 survivors (4096K)
 Metaspace       used 28798K, capacity 29125K, committed 29312K, reserved 1075200K
  class space    used 2945K, capacity 3087K, committed 3200K, reserved 1048576K
}
Event: 35.660 GC heap before
{Heap before GC invocations=13 (full 0):
 garbage-first heap   total 81920K, used 60770K [0x0000000081c00000, 0x0000000100000000)
  region size 1024K, 48 young (49152K), 4 survivors (4096K)
 Metaspace       used 32895K, capacity 33327K, committed 33536K, reserved 1079296K
  class space    used 3343K, capacity 3485K, committed 3584K, reserved 1048576K
}
Event: 35.674 GC heap after
{Heap after GC invocations=14 (full 0):
 garbage-first heap   total 81920K, used 27607K [0x0000000081c00000, 0x0000000100000000)
  region size 1024K, 6 young (6144K), 6 survivors (6144K)
 Metaspace       used 32895K, capacity 33327K, committed 33536K, reserved 1079296K
  class space    used 3343K, capacity 3485K, committed 3584K, reserved 1048576K
}
Event: 36.800 GC heap before
{Heap before GC invocations=14 (full 0):
 garbage-first heap   total 81920K, used 61399K [0x0000000081c00000, 0x0000000100000000)
  region size 1024K, 38 young (38912K), 6 survivors (6144K)
 Metaspace       used 34796K, capacity 35206K, committed 35328K, reserved 1081344K
  class space    used 3538K, capacity 3748K, committed 3840K, reserved 1048576K
}
Event: 36.811 GC heap after
{Heap after GC invocations=15 (full 0):
 garbage-first heap   total 81920K, used 30874K [0x0000000081c00000, 0x0000000100000000)
  region size 1024K, 5 young (5120K), 5 survivors (5120K)
 Metaspace       used 34796K, capacity 35206K, committed 35328K, reserved 1081344K
  class space    used 3538K, capacity 3748K, committed 3840K, reserved 1048576K
}

